{"total": {"lines":{"total":239,"covered":239,"skipped":0,"pct":100},"statements":{"total":239,"covered":239,"skipped":0,"pct":100},"functions":{"total":11,"covered":11,"skipped":0,"pct":100},"branches":{"total":24,"covered":24,"skipped":0,"pct":100},"branchesTrue":{"total":0,"covered":0,"skipped":0,"pct":100}}
,"C:\\Users\\marti\\OneDrive\\Skrivbord\\CI-CD\\TDD-SHUI\\src\\App.tsx": {"lines":{"total":6,"covered":6,"skipped":0,"pct":100},"functions":{"total":1,"covered":1,"skipped":0,"pct":100},"statements":{"total":6,"covered":6,"skipped":0,"pct":100},"branches":{"total":1,"covered":1,"skipped":0,"pct":100}}
,"C:\\Users\\marti\\OneDrive\\Skrivbord\\CI-CD\\TDD-SHUI\\src\\__test__\\App.test.tsx": {"lines":{"total":83,"covered":83,"skipped":0,"pct":100},"functions":{"total":0,"covered":0,"skipped":0,"pct":100},"statements":{"total":83,"covered":83,"skipped":0,"pct":100},"branches":{"total":7,"covered":7,"skipped":0,"pct":100}}
,"C:\\Users\\marti\\OneDrive\\Skrivbord\\CI-CD\\TDD-SHUI\\src\\components\\MessageCard.tsx": {"lines":{"total":24,"covered":24,"skipped":0,"pct":100},"functions":{"total":1,"covered":1,"skipped":0,"pct":100},"statements":{"total":24,"covered":24,"skipped":0,"pct":100},"branches":{"total":5,"covered":5,"skipped":0,"pct":100}}
,"C:\\Users\\marti\\OneDrive\\Skrivbord\\CI-CD\\TDD-SHUI\\src\\pages\\FlowPage.tsx": {"lines":{"total":21,"covered":21,"skipped":0,"pct":100},"functions":{"total":2,"covered":2,"skipped":0,"pct":100},"statements":{"total":21,"covered":21,"skipped":0,"pct":100},"branches":{"total":2,"covered":2,"skipped":0,"pct":100}}
,"C:\\Users\\marti\\OneDrive\\Skrivbord\\CI-CD\\TDD-SHUI\\src\\pages\\LandingPage.tsx": {"lines":{"total":59,"covered":59,"skipped":0,"pct":100},"functions":{"total":5,"covered":5,"skipped":0,"pct":100},"statements":{"total":59,"covered":59,"skipped":0,"pct":100},"branches":{"total":7,"covered":7,"skipped":0,"pct":100}}
,"C:\\Users\\marti\\OneDrive\\Skrivbord\\CI-CD\\TDD-SHUI\\src\\pages\\utils\\formatDate.tsx": {"lines":{"total":32,"covered":32,"skipped":0,"pct":100},"functions":{"total":1,"covered":1,"skipped":0,"pct":100},"statements":{"total":32,"covered":32,"skipped":0,"pct":100},"branches":{"total":1,"covered":1,"skipped":0,"pct":100}}
,"C:\\Users\\marti\\OneDrive\\Skrivbord\\CI-CD\\TDD-SHUI\\src\\routes\\router.tsx": {"lines":{"total":14,"covered":14,"skipped":0,"pct":100},"functions":{"total":1,"covered":1,"skipped":0,"pct":100},"statements":{"total":14,"covered":14,"skipped":0,"pct":100},"branches":{"total":1,"covered":1,"skipped":0,"pct":100}}
}
