TN:
SF:src\App.tsx
FN:4,App
FNF:1
FNH:1
FNDA:5,App
DA:1,1
DA:2,1
DA:4,5
DA:5,5
DA:6,5
DA:8,1
LF:6
LH:6
BRDA:4,0,0,5
BRF:1
BRH:1
end_of_record
TN:
SF:src\__test__\App.test.tsx
FNF:0
FNH:0
DA:1,1
DA:2,1
DA:3,1
DA:4,1
DA:5,1
DA:7,1
DA:8,1
DA:9,1
DA:10,1
DA:11,1
DA:12,1
DA:13,1
DA:14,1
DA:15,1
DA:16,1
DA:17,1
DA:19,1
DA:20,1
DA:21,1
DA:22,1
DA:23,1
DA:24,1
DA:26,1
DA:28,1
DA:29,1
DA:31,1
DA:32,1
DA:34,1
DA:35,1
DA:36,1
DA:37,1
DA:38,1
DA:40,1
DA:41,1
DA:42,1
DA:44,1
DA:45,1
DA:46,1
DA:47,1
DA:48,1
DA:49,1
DA:50,1
DA:51,1
DA:52,1
DA:54,1
DA:55,1
DA:56,1
DA:57,1
DA:59,1
DA:61,1
DA:62,1
DA:63,1
DA:64,1
DA:65,1
DA:67,1
DA:68,1
DA:70,1
DA:71,1
DA:72,1
DA:73,1
DA:74,1
DA:75,1
DA:77,1
DA:78,1
DA:79,1
DA:81,1
DA:82,1
DA:83,1
DA:84,1
DA:85,1
DA:86,1
DA:88,1
DA:90,1
DA:92,1
DA:93,1
DA:95,1
DA:96,1
DA:97,1
DA:98,1
DA:99,1
DA:101,1
DA:102,1
DA:103,1
LF:83
LH:83
BRDA:7,0,0,1
BRDA:8,1,0,1
BRDA:19,2,0,1
BRDA:31,3,0,1
BRDA:44,4,0,1
BRDA:70,5,0,1
BRDA:81,6,0,1
BRF:7
BRH:7
end_of_record
TN:
SF:src\components\MessageCard.tsx
FN:3,MessageCard
FNF:1
FNH:1
FNDA:4,MessageCard
DA:1,1
DA:3,1
DA:4,4
DA:6,4
DA:8,4
DA:9,1
DA:10,1
DA:11,1
DA:12,1
DA:14,1
DA:16,3
DA:17,3
DA:18,3
DA:19,3
DA:20,3
DA:21,3
DA:22,3
DA:23,3
DA:25,3
DA:26,3
DA:27,3
DA:28,3
DA:30,3
DA:32,1
LF:24
LH:24
BRDA:3,0,0,4
BRDA:4,1,0,1
BRDA:8,2,0,1
BRDA:14,3,0,3
BRDA:18,4,0,3
BRF:5
BRH:5
end_of_record
TN:
SF:src\pages\FlowPage.tsx
FN:6,FlowPage
FN:8,handleNavigate
FNF:2
FNH:2
FNDA:4,FlowPage
FNDA:1,handleNavigate
DA:1,1
DA:2,1
DA:3,1
DA:4,1
DA:6,1
DA:7,4
DA:8,4
DA:9,1
DA:10,1
DA:12,4
DA:13,4
DA:14,4
DA:15,4
DA:16,4
DA:17,4
DA:18,4
DA:19,4
DA:20,4
DA:21,4
DA:23,4
DA:25,1
LF:21
LH:21
BRDA:6,0,0,4
BRDA:8,1,0,1
BRF:2
BRH:2
end_of_record
TN:
SF:src\pages\LandingPage.tsx
FN:11,LandingPage
FN:24,onSubmit
FN:41,handleNavigate
FN:51,onChange
FN:61,onChange
FNF:5
FNH:5
FNDA:11,LandingPage
FNDA:1,onSubmit
FNDA:1,handleNavigate
FNDA:1,onChange
FNDA:1,onChange
DA:1,1
DA:2,1
DA:3,1
DA:4,1
DA:11,1
DA:12,11
DA:13,11
DA:14,11
DA:15,11
DA:17,11
DA:18,5
DA:19,5
DA:20,2
DA:21,2
DA:22,11
DA:24,11
DA:25,1
DA:27,1
DA:28,1
DA:29,1
DA:30,1
DA:31,1
DA:33,1
DA:34,1
DA:36,1
DA:38,1
DA:39,1
DA:40,1
DA:41,11
DA:42,1
DA:43,1
DA:45,11
DA:46,11
DA:47,11
DA:48,11
DA:49,11
DA:50,11
DA:51,11
DA:52,11
DA:53,11
DA:54,11
DA:55,11
DA:56,11
DA:57,11
DA:58,11
DA:59,11
DA:60,11
DA:61,11
DA:62,11
DA:63,11
DA:64,11
DA:65,11
DA:66,11
DA:68,11
DA:69,11
DA:70,11
DA:71,11
DA:73,11
DA:75,1
LF:59
LH:59
BRDA:11,0,0,11
BRDA:17,1,0,5
BRDA:19,2,0,2
BRDA:24,3,0,1
BRDA:41,4,0,1
BRDA:51,5,0,1
BRDA:61,6,0,1
BRF:7
BRH:7
end_of_record
TN:
SF:src\pages\utils\formatDate.tsx
FN:1,formatDate
FNF:1
FNH:1
FNDA:1,formatDate
DA:1,1
DA:2,1
DA:3,1
DA:4,1
DA:5,1
DA:6,1
DA:7,1
DA:8,1
DA:9,1
DA:10,1
DA:11,1
DA:12,1
DA:13,1
DA:14,1
DA:15,1
DA:16,1
DA:17,1
DA:18,1
DA:19,1
DA:20,1
DA:21,1
DA:22,1
DA:23,1
DA:24,1
DA:25,1
DA:26,1
DA:27,1
DA:28,1
DA:29,1
DA:30,1
DA:31,1
DA:32,1
LF:32
LH:32
BRDA:1,0,0,1
BRF:1
BRH:1
end_of_record
TN:
SF:src\routes\router.tsx
FN:16,AppRoutes
FNF:1
FNH:1
FNDA:5,AppRoutes
DA:1,1
DA:5,1
DA:6,1
DA:7,1
DA:8,1
DA:9,1
DA:10,1
DA:11,1
DA:12,1
DA:13,1
DA:14,1
DA:16,1
DA:17,5
DA:18,5
LF:14
LH:14
BRDA:16,0,0,5
BRF:1
BRH:1
end_of_record
